        ===> MemEater reserving [0] MB on Node 0...
numactl --cpunodebind 0 --membind 1 -- bash cmd.sh
Start: Wed Apr  9 20:44:28 CDT 2025
Waiting for the file to exist: /tmp/workload.pid
Waiting for the file to exist: /tmp/workload.pid
Waiting for the file to exist: /tmp/workload.pid
Waiting for the file to exist: /tmp/workload.pid
Waiting for the file to exist: /tmp/workload.pid
Waiting for the file to exist: /tmp/workload.pid
Waiting for the file to exist: /tmp/workload.pid
Waiting for the file to exist: /tmp/workload.pid
Waiting for the file to exist: /tmp/workload.pid
Waiting for the file to exist: /tmp/workload.pid
Waiting for the file to exist: /tmp/workload.pid
Waiting for the file to exist: /tmp/workload.pid
Waiting for the file to exist: /tmp/workload.pid
Waiting for the file to exist: /tmp/workload.pid
Waiting for the file to exist: /tmp/workload.pid
Waiting for the file to exist: /tmp/workload.pid
Waiting for the file to exist: /tmp/workload.pid
Waiting for the file to exist: /tmp/workload.pid
Waiting for the file to exist: /tmp/workload.pid
Waiting for the file to exist: /tmp/workload.pid
Waiting for the file to exist: /tmp/workload.pid
Waiting for the file to exist: /tmp/workload.pid
Waiting for the file to exist: /tmp/workload.pid
Waiting for the file to exist: /tmp/workload.pid
Waiting for the file to exist: /tmp/workload.pid
Waiting for the file to exist: /tmp/workload.pid
Waiting for the file to exist: /tmp/workload.pid
Waiting for the file to exist: /tmp/workload.pid
Waiting for the file to exist: /tmp/workload.pid
Waiting for the file to exist: /tmp/workload.pid
Waiting for the file to exist: /tmp/workload.pid
Waiting for the file to exist: /tmp/workload.pid
Waiting for the file to exist: /tmp/workload.pid
Waiting for the file to exist: /tmp/workload.pid
Waiting for the file to exist: /tmp/workload.pid
Waiting for the file to exist: /tmp/workload.pid
Waiting for the file to exist: /tmp/workload.pid
Waiting for the file to exist: /tmp/workload.pid
Waiting for the file to exist: /tmp/workload.pid
Waiting for the file to exist: /tmp/workload.pid
Waiting for the file to exist: /tmp/workload.pid
Waiting for the file to exist: /tmp/workload.pid
Waiting for the file to exist: /tmp/workload.pid
Waiting for the file to exist: /tmp/workload.pid
Waiting for the file to exist: /tmp/workload.pid
Waiting for the file to exist: /tmp/workload.pid
Waiting for the file to exist: /tmp/workload.pid
Waiting for the file to exist: /tmp/workload.pid
Waiting for the file to exist: /tmp/workload.pid
Waiting for the file to exist: /tmp/workload.pid
Waiting for the file to exist: /tmp/workload.pid
Waiting for the file to exist: /tmp/workload.pid
Waiting for the file to exist: /tmp/workload.pid
Waiting for the file to exist: /tmp/workload.pid
Waiting for the file to exist: /tmp/workload.pid
Waiting for the file to exist: /tmp/workload.pid
Waiting for the file to exist: /tmp/workload.pid
Waiting for the file to exist: /tmp/workload.pid
Waiting for the file to exist: /tmp/workload.pid
Waiting for the file to exist: /tmp/workload.pid
Waiting for the file to exist: /tmp/workload.pid
Waiting for the file to exist: /tmp/workload.pid
Waiting for the file to exist: /tmp/workload.pid
Waiting for the file to exist: /tmp/workload.pid
Waiting for the file to exist: /tmp/workload.pid
Waiting for the file to exist: /tmp/workload.pid
Waiting for the file to exist: /tmp/workload.pid
Waiting for the file to exist: /tmp/workload.pid
Waiting for the file to exist: /tmp/workload.pid
Waiting for the file to exist: /tmp/workload.pid
Waiting for the file to exist: /tmp/workload.pid
Waiting for the file to exist: /tmp/workload.pid
Waiting for the file to exist: /tmp/workload.pid
Waiting for the file to exist: /tmp/workload.pid
Waiting for the file to exist: /tmp/workload.pid
Waiting for the file to exist: /tmp/workload.pid
Waiting for the file to exist: /tmp/workload.pid
Waiting for the file to exist: /tmp/workload.pid
Waiting for the file to exist: /tmp/workload.pid
Waiting for the file to exist: /tmp/workload.pid
Waiting for the file to exist: /tmp/workload.pid
Waiting for the file to exist: /tmp/workload.pid
Waiting for the file to exist: /tmp/workload.pid
Waiting for the file to exist: /tmp/workload.pid
Waiting for the file to exist: /tmp/workload.pid
Waiting for the file to exist: /tmp/workload.pid
Waiting for the file to exist: /tmp/workload.pid
Waiting for the file to exist: /tmp/workload.pid
Waiting for the file to exist: /tmp/workload.pid
Waiting for the file to exist: /tmp/workload.pid
Waiting for the file to exist: /tmp/workload.pid
Waiting for the file to exist: /tmp/workload.pid
Waiting for the file to exist: /tmp/workload.pid
Waiting for the file to exist: /tmp/workload.pid
Waiting for the file to exist: /tmp/workload.pid
Waiting for the file to exist: /tmp/workload.pid
Waiting for the file to exist: /tmp/workload.pid
Waiting for the file to exist: /tmp/workload.pid
Waiting for the file to exist: /tmp/workload.pid
Waiting for the file to exist: /tmp/workload.pid
Waiting for the file to exist: /tmp/workload.pid
Waiting for the file to exist: /tmp/workload.pid
Waiting for the file to exist: /tmp/workload.pid
Waiting for the file to exist: /tmp/workload.pid
Waiting for the file to exist: /tmp/workload.pid
Waiting for the file to exist: /tmp/workload.pid
Waiting for the file to exist: /tmp/workload.pid
Waiting for the file to exist: /tmp/workload.pid
Waiting for the file to exist: /tmp/workload.pid
Waiting for the file to exist: /tmp/workload.pid
Waiting for the file to exist: /tmp/workload.pid
Waiting for the file to exist: /tmp/workload.pid
Waiting for the file to exist: /tmp/workload.pid
Waiting for the file to exist: /tmp/workload.pid
Waiting for the file to exist: /tmp/workload.pid
Waiting for the file to exist: /tmp/workload.pid
Waiting for the file to exist: /tmp/workload.pid
Waiting for the file to exist: /tmp/workload.pid
Waiting for the file to exist: /tmp/workload.pid
Waiting for the file to exist: /tmp/workload.pid
Waiting for the file to exist: /tmp/workload.pid
Waiting for the file to exist: /tmp/workload.pid
Waiting for the file to exist: /tmp/workload.pid
Waiting for the file to exist: /tmp/workload.pid
Waiting for the file to exist: /tmp/workload.pid
Waiting for the file to exist: /tmp/workload.pid
Waiting for the file to exist: /tmp/workload.pid
Waiting for the file to exist: /tmp/workload.pid
Waiting for the file to exist: /tmp/workload.pid
Waiting for the file to exist: /tmp/workload.pid
Waiting for the file to exist: /tmp/workload.pid
Waiting for the file to exist: /tmp/workload.pid
Waiting for the file to exist: /tmp/workload.pid
Waiting for the file to exist: /tmp/workload.pid
Waiting for the file to exist: /tmp/workload.pid
Waiting for the file to exist: /tmp/workload.pid
Waiting for the file to exist: /tmp/workload.pid
Waiting for the file to exist: /tmp/workload.pid
Waiting for the file to exist: /tmp/workload.pid
Waiting for the file to exist: /tmp/workload.pid
Waiting for the file to exist: /tmp/workload.pid
Waiting for the file to exist: /tmp/workload.pid
Waiting for the file to exist: /tmp/workload.pid
Waiting for the file to exist: /tmp/workload.pid
Waiting for the file to exist: /tmp/workload.pid
Waiting for the file to exist: /tmp/workload.pid
Waiting for the file to exist: /tmp/workload.pid
Waiting for the file to exist: /tmp/workload.pid
Waiting for the file to exist: /tmp/workload.pid
Waiting for the file to exist: /tmp/workload.pid
Waiting for the file to exist: /tmp/workload.pid
Waiting for the file to exist: /tmp/workload.pid
Waiting for the file to exist: /tmp/workload.pid
Waiting for the file to exist: /tmp/workload.pid
Waiting for the file to exist: /tmp/workload.pid
Waiting for the file to exist: /tmp/workload.pid
Waiting for the file to exist: /tmp/workload.pid
Waiting for the file to exist: /tmp/workload.pid
Waiting for the file to exist: /tmp/workload.pid
Waiting for the file to exist: /tmp/workload.pid
Waiting for the file to exist: /tmp/workload.pid
Waiting for the file to exist: /tmp/workload.pid
Waiting for the file to exist: /tmp/workload.pid
Waiting for the file to exist: /tmp/workload.pid
Waiting for the file to exist: /tmp/workload.pid
Waiting for the file to exist: /tmp/workload.pid
Waiting for the file to exist: /tmp/workload.pid
Waiting for the file to exist: /tmp/workload.pid
Waiting for the file to exist: /tmp/workload.pid
Waiting for the file to exist: /tmp/workload.pid
Waiting for the file to exist: /tmp/workload.pid
Waiting for the file to exist: /tmp/workload.pid
Waiting for the file to exist: /tmp/workload.pid
Waiting for the file to exist: /tmp/workload.pid
Waiting for the file to exist: /tmp/workload.pid
Waiting for the file to exist: /tmp/workload.pid
Waiting for the file to exist: /tmp/workload.pid
Waiting for the file to exist: /tmp/workload.pid
Waiting for the file to exist: /tmp/workload.pid
Waiting for the file to exist: /tmp/workload.pid
Waiting for the file to exist: /tmp/workload.pid
Waiting for the file to exist: /tmp/workload.pid
Waiting for the file to exist: /tmp/workload.pid
Waiting for the file to exist: /tmp/workload.pid
Waiting for the file to exist: /tmp/workload.pid
Waiting for the file to exist: /tmp/workload.pid
Waiting for the file to exist: /tmp/workload.pid
Waiting for the file to exist: /tmp/workload.pid
Waiting for the file to exist: /tmp/workload.pid
Waiting for the file to exist: /tmp/workload.pid
Waiting for the file to exist: /tmp/workload.pid
Waiting for the file to exist: /tmp/workload.pid
Waiting for the file to exist: /tmp/workload.pid
Waiting for the file to exist: /tmp/workload.pid
Waiting for the file to exist: /tmp/workload.pid
Waiting for the file to exist: /tmp/workload.pid
Waiting for the file to exist: /tmp/workload.pid
Waiting for the file to exist: /tmp/workload.pid
Waiting for the file to exist: /tmp/workload.pid
Waiting for the file to exist: /tmp/workload.pid
Waiting for the file to exist: /tmp/workload.pid
Waiting for the file to exist: /tmp/workload.pid
Waiting for the file to exist: /tmp/workload.pid
Waiting for the file to exist: /tmp/workload.pid
Waiting for the file to exist: /tmp/workload.pid
Waiting for the file to exist: /tmp/workload.pid
Waiting for the file to exist: /tmp/workload.pid
Waiting for the file to exist: /tmp/workload.pid
Waiting for the file to exist: /tmp/workload.pid
Waiting for the file to exist: /tmp/workload.pid
Waiting for the file to exist: /tmp/workload.pid
Waiting for the file to exist: /tmp/workload.pid
Waiting for the file to exist: /tmp/workload.pid
Waiting for the file to exist: /tmp/workload.pid
Waiting for the file to exist: /tmp/workload.pid
Waiting for the file to exist: /tmp/workload.pid
Waiting for the file to exist: /tmp/workload.pid
Waiting for the file to exist: /tmp/workload.pid
Waiting for the file to exist: /tmp/workload.pid
Waiting for the file to exist: /tmp/workload.pid
Waiting for the file to exist: /tmp/workload.pid
Waiting for the file to exist: /tmp/workload.pid
Waiting for the file to exist: /tmp/workload.pid
Waiting for the file to exist: /tmp/workload.pid
Waiting for the file to exist: /tmp/workload.pid
Waiting for the file to exist: /tmp/workload.pid
Waiting for the file to exist: /tmp/workload.pid
Waiting for the file to exist: /tmp/workload.pid
Waiting for the file to exist: /tmp/workload.pid
Waiting for the file to exist: /tmp/workload.pid
Waiting for the file to exist: /tmp/workload.pid
Waiting for the file to exist: /tmp/workload.pid
Waiting for the file to exist: /tmp/workload.pid
Waiting for the file to exist: /tmp/workload.pid
Waiting for the file to exist: /tmp/workload.pid
Waiting for the file to exist: /tmp/workload.pid
Waiting for the file to exist: /tmp/workload.pid
Waiting for the file to exist: /tmp/workload.pid
Waiting for the file to exist: /tmp/workload.pid
Waiting for the file to exist: /tmp/workload.pid
Waiting for the file to exist: /tmp/workload.pid
Waiting for the file to exist: /tmp/workload.pid
Waiting for the file to exist: /tmp/workload.pid
Waiting for the file to exist: /tmp/workload.pid
Waiting for the file to exist: /tmp/workload.pid
Waiting for the file to exist: /tmp/workload.pid
Waiting for the file to exist: /tmp/workload.pid
Waiting for the file to exist: /tmp/workload.pid
Waiting for the file to exist: /tmp/workload.pid
Waiting for the file to exist: /tmp/workload.pid
Waiting for the file to exist: /tmp/workload.pid
Waiting for the file to exist: /tmp/workload.pid
Waiting for the file to exist: /tmp/workload.pid
Waiting for the file to exist: /tmp/workload.pid
Waiting for the file to exist: /tmp/workload.pid
Waiting for the file to exist: /tmp/workload.pid
Waiting for the file to exist: /tmp/workload.pid
Waiting for the file to exist: /tmp/workload.pid
Waiting for the file to exist: /tmp/workload.pid
Waiting for the file to exist: /tmp/workload.pid
Waiting for the file to exist: /tmp/workload.pid
Waiting for the file to exist: /tmp/workload.pid
Waiting for the file to exist: /tmp/workload.pid
Waiting for the file to exist: /tmp/workload.pid
Waiting for the file to exist: /tmp/workload.pid
Waiting for the file to exist: /tmp/workload.pid
Waiting for the file to exist: /tmp/workload.pid
Waiting for the file to exist: /tmp/workload.pid
Waiting for the file to exist: /tmp/workload.pid
Waiting for the file to exist: /tmp/workload.pid
Waiting for the file to exist: /tmp/workload.pid
Waiting for the file to exist: /tmp/workload.pid
Waiting for the file to exist: /tmp/workload.pid
Waiting for the file to exist: /tmp/workload.pid
Waiting for the file to exist: /tmp/workload.pid
Waiting for the file to exist: /tmp/workload.pid
Waiting for the file to exist: /tmp/workload.pid
Waiting for the file to exist: /tmp/workload.pid
Waiting for the file to exist: /tmp/workload.pid
Waiting for the file to exist: /tmp/workload.pid
Waiting for the file to exist: /tmp/workload.pid
Waiting for the file to exist: /tmp/workload.pid
Waiting for the file to exist: /tmp/workload.pid
Waiting for the file to exist: /tmp/workload.pid
Waiting for the file to exist: /tmp/workload.pid
Waiting for the file to exist: /tmp/workload.pid
Waiting for the file to exist: /tmp/workload.pid
Waiting for the file to exist: /tmp/workload.pid
Waiting for the file to exist: /tmp/workload.pid
Waiting for the file to exist: /tmp/workload.pid
Waiting for the file to exist: /tmp/workload.pid
Waiting for the file to exist: /tmp/workload.pid
Waiting for the file to exist: /tmp/workload.pid
Waiting for the file to exist: /tmp/workload.pid
Waiting for the file to exist: /tmp/workload.pid
Waiting for the file to exist: /tmp/workload.pid
Waiting for the file to exist: /tmp/workload.pid
Waiting for the file to exist: /tmp/workload.pid
Waiting for the file to exist: /tmp/workload.pid
Waiting for the file to exist: /tmp/workload.pid
Waiting for the file to exist: /tmp/workload.pid
Waiting for the file to exist: /tmp/workload.pid
Waiting for the file to exist: /tmp/workload.pid
Waiting for the file to exist: /tmp/workload.pid
Waiting for the file to exist: /tmp/workload.pid
Waiting for the file to exist: /tmp/workload.pid
Waiting for the file to exist: /tmp/workload.pid
Waiting for the file to exist: /tmp/workload.pid
Waiting for the file to exist: /tmp/workload.pid
Waiting for the file to exist: /tmp/workload.pid
Waiting for the file to exist: /tmp/workload.pid
Waiting for the file to exist: /tmp/workload.pid
Waiting for the file to exist: /tmp/workload.pid
Waiting for the file to exist: /tmp/workload.pid
Waiting for the file to exist: /tmp/workload.pid
Waiting for the file to exist: /tmp/workload.pid
Waiting for the file to exist: /tmp/workload.pid
Waiting for the file to exist: /tmp/workload.pid
Waiting for the file to exist: /tmp/workload.pid
Waiting for the file to exist: /tmp/workload.pid
Waiting for the file to exist: /tmp/workload.pid
Waiting for the file to exist: /tmp/workload.pid
Waiting for the file to exist: /tmp/workload.pid
Waiting for the file to exist: /tmp/workload.pid
Waiting for the file to exist: /tmp/workload.pid
Waiting for the file to exist: /tmp/workload.pid
Waiting for the file to exist: /tmp/workload.pid
Waiting for the file to exist: /tmp/workload.pid
Waiting for the file to exist: /tmp/workload.pid
Waiting for the file to exist: /tmp/workload.pid
Waiting for the file to exist: /tmp/workload.pid
Waiting for the file to exist: /tmp/workload.pid
Waiting for the file to exist: /tmp/workload.pid
Waiting for the file to exist: /tmp/workload.pid
Waiting for the file to exist: /tmp/workload.pid
Waiting for the file to exist: /tmp/workload.pid
Waiting for the file to exist: /tmp/workload.pid
Waiting for the file to exist: /tmp/workload.pid
Waiting for the file to exist: /tmp/workload.pid
Waiting for the file to exist: /tmp/workload.pid
Waiting for the file to exist: /tmp/workload.pid
Waiting for the file to exist: /tmp/workload.pid
Waiting for the file to exist: /tmp/workload.pid
Waiting for the file to exist: /tmp/workload.pid
Waiting for the file to exist: /tmp/workload.pid
Waiting for the file to exist: /tmp/workload.pid
Waiting for the file to exist: /tmp/workload.pid
Waiting for the file to exist: /tmp/workload.pid
Waiting for the file to exist: /tmp/workload.pid
Waiting for the file to exist: /tmp/workload.pid
Waiting for the file to exist: /tmp/workload.pid
Waiting for the file to exist: /tmp/workload.pid
Waiting for the file to exist: /tmp/workload.pid
Waiting for the file to exist: /tmp/workload.pid
Waiting for the file to exist: /tmp/workload.pid
Waiting for the file to exist: /tmp/workload.pid
Waiting for the file to exist: /tmp/workload.pid
Waiting for the file to exist: /tmp/workload.pid
Waiting for the file to exist: /tmp/workload.pid
Waiting for the file to exist: /tmp/workload.pid
Waiting for the file to exist: /tmp/workload.pid
Obtained workload pid 29856
cpid=29853
gpid=29856

root 29853 13332 0 20:44 pts/0 00:00:00 /usr/bin/time -f \n\n\nReal: %e %E\nUser: %U\nSys: %S\nCmdline: %C\nAvg-total-Mem-kb: %K\nMax-RSS-kb: %M\nSys-pgsize-kb: %Z\nNr-voluntary-context-switches: %w\nCmd-exit-status: %x --append -o /home/cspl/pond/vtess_code/gapbs/rst//tc-web/L0-1.time bash tc-web-r.sh root 29854 29853 0 20:44 pts/0 00:00:00 bash tc-web-r.sh

root 29856 29855 73 20:44 pts/0 00:00:03 /home/cspl/gapbs/tc -f /home/cspl/gapbs/benchmark/graphs/webU.sg -n3
Stopping Tintin
End: Wed Apr  9 20:48:15 CDT 2025




