        ===> MemEater reserving [0] MB on Node 0...
numactl --cpunodebind 0 --membind 1 -- bash cmd.sh
Start: Thu Apr 10 01:19:31 CDT 2025
Waiting for the file to exist: /tmp/workload.pid
Waiting for the file to exist: /tmp/workload.pid
Waiting for the file to exist: /tmp/workload.pid
Waiting for the file to exist: /tmp/workload.pid
Waiting for the file to exist: /tmp/workload.pid
Waiting for the file to exist: /tmp/workload.pid
Waiting for the file to exist: /tmp/workload.pid
Waiting for the file to exist: /tmp/workload.pid
Waiting for the file to exist: /tmp/workload.pid
Waiting for the file to exist: /tmp/workload.pid
Waiting for the file to exist: /tmp/workload.pid
Waiting for the file to exist: /tmp/workload.pid
Waiting for the file to exist: /tmp/workload.pid
Waiting for the file to exist: /tmp/workload.pid
Waiting for the file to exist: /tmp/workload.pid
Waiting for the file to exist: /tmp/workload.pid
Waiting for the file to exist: /tmp/workload.pid
Waiting for the file to exist: /tmp/workload.pid
Waiting for the file to exist: /tmp/workload.pid
Waiting for the file to exist: /tmp/workload.pid
Waiting for the file to exist: /tmp/workload.pid
Waiting for the file to exist: /tmp/workload.pid
Waiting for the file to exist: /tmp/workload.pid
Waiting for the file to exist: /tmp/workload.pid
Waiting for the file to exist: /tmp/workload.pid
Waiting for the file to exist: /tmp/workload.pid
Waiting for the file to exist: /tmp/workload.pid
Waiting for the file to exist: /tmp/workload.pid
Waiting for the file to exist: /tmp/workload.pid
Waiting for the file to exist: /tmp/workload.pid
Waiting for the file to exist: /tmp/workload.pid
Waiting for the file to exist: /tmp/workload.pid
Waiting for the file to exist: /tmp/workload.pid
Waiting for the file to exist: /tmp/workload.pid
Waiting for the file to exist: /tmp/workload.pid
Waiting for the file to exist: /tmp/workload.pid
Waiting for the file to exist: /tmp/workload.pid
Waiting for the file to exist: /tmp/workload.pid
Waiting for the file to exist: /tmp/workload.pid
Waiting for the file to exist: /tmp/workload.pid
Waiting for the file to exist: /tmp/workload.pid
Waiting for the file to exist: /tmp/workload.pid
Waiting for the file to exist: /tmp/workload.pid
Waiting for the file to exist: /tmp/workload.pid
Waiting for the file to exist: /tmp/workload.pid
Waiting for the file to exist: /tmp/workload.pid
Waiting for the file to exist: /tmp/workload.pid
Waiting for the file to exist: /tmp/workload.pid
Waiting for the file to exist: /tmp/workload.pid
Waiting for the file to exist: /tmp/workload.pid
Waiting for the file to exist: /tmp/workload.pid
Waiting for the file to exist: /tmp/workload.pid
Waiting for the file to exist: /tmp/workload.pid
Waiting for the file to exist: /tmp/workload.pid
Waiting for the file to exist: /tmp/workload.pid
Waiting for the file to exist: /tmp/workload.pid
Waiting for the file to exist: /tmp/workload.pid
Waiting for the file to exist: /tmp/workload.pid
Waiting for the file to exist: /tmp/workload.pid
Waiting for the file to exist: /tmp/workload.pid
Waiting for the file to exist: /tmp/workload.pid
Waiting for the file to exist: /tmp/workload.pid
Waiting for the file to exist: /tmp/workload.pid
Waiting for the file to exist: /tmp/workload.pid
Waiting for the file to exist: /tmp/workload.pid
Waiting for the file to exist: /tmp/workload.pid
Waiting for the file to exist: /tmp/workload.pid
Waiting for the file to exist: /tmp/workload.pid
Waiting for the file to exist: /tmp/workload.pid
Waiting for the file to exist: /tmp/workload.pid
Waiting for the file to exist: /tmp/workload.pid
Waiting for the file to exist: /tmp/workload.pid
Waiting for the file to exist: /tmp/workload.pid
Waiting for the file to exist: /tmp/workload.pid
Waiting for the file to exist: /tmp/workload.pid
Waiting for the file to exist: /tmp/workload.pid
Waiting for the file to exist: /tmp/workload.pid
Waiting for the file to exist: /tmp/workload.pid
Waiting for the file to exist: /tmp/workload.pid
Waiting for the file to exist: /tmp/workload.pid
Waiting for the file to exist: /tmp/workload.pid
Waiting for the file to exist: /tmp/workload.pid
Waiting for the file to exist: /tmp/workload.pid
Waiting for the file to exist: /tmp/workload.pid
Waiting for the file to exist: /tmp/workload.pid
Waiting for the file to exist: /tmp/workload.pid
Waiting for the file to exist: /tmp/workload.pid
Waiting for the file to exist: /tmp/workload.pid
Waiting for the file to exist: /tmp/workload.pid
Waiting for the file to exist: /tmp/workload.pid
Waiting for the file to exist: /tmp/workload.pid
Waiting for the file to exist: /tmp/workload.pid
Waiting for the file to exist: /tmp/workload.pid
Waiting for the file to exist: /tmp/workload.pid
Waiting for the file to exist: /tmp/workload.pid
Waiting for the file to exist: /tmp/workload.pid
Waiting for the file to exist: /tmp/workload.pid
Waiting for the file to exist: /tmp/workload.pid
Waiting for the file to exist: /tmp/workload.pid
Waiting for the file to exist: /tmp/workload.pid
Waiting for the file to exist: /tmp/workload.pid
Waiting for the file to exist: /tmp/workload.pid
Waiting for the file to exist: /tmp/workload.pid
Waiting for the file to exist: /tmp/workload.pid
Waiting for the file to exist: /tmp/workload.pid
Waiting for the file to exist: /tmp/workload.pid
Waiting for the file to exist: /tmp/workload.pid
Waiting for the file to exist: /tmp/workload.pid
Waiting for the file to exist: /tmp/workload.pid
Waiting for the file to exist: /tmp/workload.pid
Waiting for the file to exist: /tmp/workload.pid
Waiting for the file to exist: /tmp/workload.pid
Waiting for the file to exist: /tmp/workload.pid
Waiting for the file to exist: /tmp/workload.pid
Waiting for the file to exist: /tmp/workload.pid
Waiting for the file to exist: /tmp/workload.pid
Waiting for the file to exist: /tmp/workload.pid
Waiting for the file to exist: /tmp/workload.pid
Waiting for the file to exist: /tmp/workload.pid
Waiting for the file to exist: /tmp/workload.pid
Waiting for the file to exist: /tmp/workload.pid
Waiting for the file to exist: /tmp/workload.pid
Waiting for the file to exist: /tmp/workload.pid
Waiting for the file to exist: /tmp/workload.pid
Waiting for the file to exist: /tmp/workload.pid
Waiting for the file to exist: /tmp/workload.pid
Waiting for the file to exist: /tmp/workload.pid
Waiting for the file to exist: /tmp/workload.pid
Waiting for the file to exist: /tmp/workload.pid
Waiting for the file to exist: /tmp/workload.pid
Waiting for the file to exist: /tmp/workload.pid
Waiting for the file to exist: /tmp/workload.pid
Waiting for the file to exist: /tmp/workload.pid
Waiting for the file to exist: /tmp/workload.pid
Waiting for the file to exist: /tmp/workload.pid
Waiting for the file to exist: /tmp/workload.pid
Waiting for the file to exist: /tmp/workload.pid
Waiting for the file to exist: /tmp/workload.pid
Waiting for the file to exist: /tmp/workload.pid
Waiting for the file to exist: /tmp/workload.pid
Waiting for the file to exist: /tmp/workload.pid
Waiting for the file to exist: /tmp/workload.pid
Waiting for the file to exist: /tmp/workload.pid
Waiting for the file to exist: /tmp/workload.pid
Waiting for the file to exist: /tmp/workload.pid
Waiting for the file to exist: /tmp/workload.pid
Waiting for the file to exist: /tmp/workload.pid
Waiting for the file to exist: /tmp/workload.pid
Waiting for the file to exist: /tmp/workload.pid
Waiting for the file to exist: /tmp/workload.pid
Waiting for the file to exist: /tmp/workload.pid
Waiting for the file to exist: /tmp/workload.pid
Waiting for the file to exist: /tmp/workload.pid
Waiting for the file to exist: /tmp/workload.pid
Waiting for the file to exist: /tmp/workload.pid
Waiting for the file to exist: /tmp/workload.pid
Waiting for the file to exist: /tmp/workload.pid
Waiting for the file to exist: /tmp/workload.pid
Waiting for the file to exist: /tmp/workload.pid
Waiting for the file to exist: /tmp/workload.pid
Waiting for the file to exist: /tmp/workload.pid
Waiting for the file to exist: /tmp/workload.pid
Waiting for the file to exist: /tmp/workload.pid
Waiting for the file to exist: /tmp/workload.pid
Waiting for the file to exist: /tmp/workload.pid
Waiting for the file to exist: /tmp/workload.pid
Waiting for the file to exist: /tmp/workload.pid
Waiting for the file to exist: /tmp/workload.pid
Waiting for the file to exist: /tmp/workload.pid
Waiting for the file to exist: /tmp/workload.pid
Waiting for the file to exist: /tmp/workload.pid
Waiting for the file to exist: /tmp/workload.pid
Waiting for the file to exist: /tmp/workload.pid
Waiting for the file to exist: /tmp/workload.pid
Waiting for the file to exist: /tmp/workload.pid
Waiting for the file to exist: /tmp/workload.pid
Waiting for the file to exist: /tmp/workload.pid
Waiting for the file to exist: /tmp/workload.pid
Waiting for the file to exist: /tmp/workload.pid
Waiting for the file to exist: /tmp/workload.pid
Waiting for the file to exist: /tmp/workload.pid
Waiting for the file to exist: /tmp/workload.pid
Waiting for the file to exist: /tmp/workload.pid
Waiting for the file to exist: /tmp/workload.pid
Waiting for the file to exist: /tmp/workload.pid
Waiting for the file to exist: /tmp/workload.pid
Waiting for the file to exist: /tmp/workload.pid
Waiting for the file to exist: /tmp/workload.pid
Waiting for the file to exist: /tmp/workload.pid
Waiting for the file to exist: /tmp/workload.pid
Waiting for the file to exist: /tmp/workload.pid
Waiting for the file to exist: /tmp/workload.pid
Waiting for the file to exist: /tmp/workload.pid
Waiting for the file to exist: /tmp/workload.pid
Waiting for the file to exist: /tmp/workload.pid
Waiting for the file to exist: /tmp/workload.pid
Waiting for the file to exist: /tmp/workload.pid
Waiting for the file to exist: /tmp/workload.pid
Waiting for the file to exist: /tmp/workload.pid
Waiting for the file to exist: /tmp/workload.pid
Waiting for the file to exist: /tmp/workload.pid
Waiting for the file to exist: /tmp/workload.pid
Waiting for the file to exist: /tmp/workload.pid
Waiting for the file to exist: /tmp/workload.pid
Waiting for the file to exist: /tmp/workload.pid
Waiting for the file to exist: /tmp/workload.pid
Waiting for the file to exist: /tmp/workload.pid
Waiting for the file to exist: /tmp/workload.pid
Waiting for the file to exist: /tmp/workload.pid
Waiting for the file to exist: /tmp/workload.pid
Waiting for the file to exist: /tmp/workload.pid
Waiting for the file to exist: /tmp/workload.pid
Waiting for the file to exist: /tmp/workload.pid
Waiting for the file to exist: /tmp/workload.pid
Waiting for the file to exist: /tmp/workload.pid
Waiting for the file to exist: /tmp/workload.pid
Waiting for the file to exist: /tmp/workload.pid
Waiting for the file to exist: /tmp/workload.pid
Waiting for the file to exist: /tmp/workload.pid
Waiting for the file to exist: /tmp/workload.pid
Waiting for the file to exist: /tmp/workload.pid
Waiting for the file to exist: /tmp/workload.pid
Waiting for the file to exist: /tmp/workload.pid
Waiting for the file to exist: /tmp/workload.pid
Waiting for the file to exist: /tmp/workload.pid
Waiting for the file to exist: /tmp/workload.pid
Waiting for the file to exist: /tmp/workload.pid
Waiting for the file to exist: /tmp/workload.pid
Waiting for the file to exist: /tmp/workload.pid
Waiting for the file to exist: /tmp/workload.pid
Waiting for the file to exist: /tmp/workload.pid
Waiting for the file to exist: /tmp/workload.pid
Waiting for the file to exist: /tmp/workload.pid
Waiting for the file to exist: /tmp/workload.pid
Waiting for the file to exist: /tmp/workload.pid
Waiting for the file to exist: /tmp/workload.pid
Waiting for the file to exist: /tmp/workload.pid
Waiting for the file to exist: /tmp/workload.pid
Waiting for the file to exist: /tmp/workload.pid
Waiting for the file to exist: /tmp/workload.pid
Waiting for the file to exist: /tmp/workload.pid
Waiting for the file to exist: /tmp/workload.pid
Waiting for the file to exist: /tmp/workload.pid
Waiting for the file to exist: /tmp/workload.pid
Waiting for the file to exist: /tmp/workload.pid
Waiting for the file to exist: /tmp/workload.pid
Waiting for the file to exist: /tmp/workload.pid
Waiting for the file to exist: /tmp/workload.pid
Waiting for the file to exist: /tmp/workload.pid
Waiting for the file to exist: /tmp/workload.pid
Waiting for the file to exist: /tmp/workload.pid
Waiting for the file to exist: /tmp/workload.pid
Waiting for the file to exist: /tmp/workload.pid
Waiting for the file to exist: /tmp/workload.pid
Waiting for the file to exist: /tmp/workload.pid
Waiting for the file to exist: /tmp/workload.pid
Waiting for the file to exist: /tmp/workload.pid
Waiting for the file to exist: /tmp/workload.pid
Waiting for the file to exist: /tmp/workload.pid
Waiting for the file to exist: /tmp/workload.pid
Waiting for the file to exist: /tmp/workload.pid
Waiting for the file to exist: /tmp/workload.pid
Waiting for the file to exist: /tmp/workload.pid
Waiting for the file to exist: /tmp/workload.pid
Waiting for the file to exist: /tmp/workload.pid
Waiting for the file to exist: /tmp/workload.pid
Waiting for the file to exist: /tmp/workload.pid
Waiting for the file to exist: /tmp/workload.pid
Waiting for the file to exist: /tmp/workload.pid
Waiting for the file to exist: /tmp/workload.pid
Waiting for the file to exist: /tmp/workload.pid
Waiting for the file to exist: /tmp/workload.pid
Waiting for the file to exist: /tmp/workload.pid
Waiting for the file to exist: /tmp/workload.pid
Waiting for the file to exist: /tmp/workload.pid
Waiting for the file to exist: /tmp/workload.pid
Waiting for the file to exist: /tmp/workload.pid
Waiting for the file to exist: /tmp/workload.pid
Waiting for the file to exist: /tmp/workload.pid
Waiting for the file to exist: /tmp/workload.pid
Waiting for the file to exist: /tmp/workload.pid
Waiting for the file to exist: /tmp/workload.pid
Waiting for the file to exist: /tmp/workload.pid
Waiting for the file to exist: /tmp/workload.pid
Waiting for the file to exist: /tmp/workload.pid
Waiting for the file to exist: /tmp/workload.pid
Waiting for the file to exist: /tmp/workload.pid
Waiting for the file to exist: /tmp/workload.pid
Waiting for the file to exist: /tmp/workload.pid
Waiting for the file to exist: /tmp/workload.pid
Waiting for the file to exist: /tmp/workload.pid
Waiting for the file to exist: /tmp/workload.pid
Waiting for the file to exist: /tmp/workload.pid
Waiting for the file to exist: /tmp/workload.pid
Waiting for the file to exist: /tmp/workload.pid
Waiting for the file to exist: /tmp/workload.pid
Waiting for the file to exist: /tmp/workload.pid
Waiting for the file to exist: /tmp/workload.pid
Waiting for the file to exist: /tmp/workload.pid
Waiting for the file to exist: /tmp/workload.pid
Waiting for the file to exist: /tmp/workload.pid
Waiting for the file to exist: /tmp/workload.pid
Waiting for the file to exist: /tmp/workload.pid
Waiting for the file to exist: /tmp/workload.pid
Waiting for the file to exist: /tmp/workload.pid
Waiting for the file to exist: /tmp/workload.pid
Waiting for the file to exist: /tmp/workload.pid
Waiting for the file to exist: /tmp/workload.pid
Waiting for the file to exist: /tmp/workload.pid
Waiting for the file to exist: /tmp/workload.pid
Waiting for the file to exist: /tmp/workload.pid
Waiting for the file to exist: /tmp/workload.pid
Waiting for the file to exist: /tmp/workload.pid
Waiting for the file to exist: /tmp/workload.pid
Waiting for the file to exist: /tmp/workload.pid
Waiting for the file to exist: /tmp/workload.pid
Waiting for the file to exist: /tmp/workload.pid
Waiting for the file to exist: /tmp/workload.pid
Waiting for the file to exist: /tmp/workload.pid
Waiting for the file to exist: /tmp/workload.pid
Waiting for the file to exist: /tmp/workload.pid
Waiting for the file to exist: /tmp/workload.pid
Waiting for the file to exist: /tmp/workload.pid
Waiting for the file to exist: /tmp/workload.pid
Waiting for the file to exist: /tmp/workload.pid
Waiting for the file to exist: /tmp/workload.pid
Waiting for the file to exist: /tmp/workload.pid
Waiting for the file to exist: /tmp/workload.pid
Waiting for the file to exist: /tmp/workload.pid
Waiting for the file to exist: /tmp/workload.pid
Waiting for the file to exist: /tmp/workload.pid
Waiting for the file to exist: /tmp/workload.pid
Waiting for the file to exist: /tmp/workload.pid
Waiting for the file to exist: /tmp/workload.pid
Waiting for the file to exist: /tmp/workload.pid
Waiting for the file to exist: /tmp/workload.pid
Waiting for the file to exist: /tmp/workload.pid
Waiting for the file to exist: /tmp/workload.pid
Waiting for the file to exist: /tmp/workload.pid
Waiting for the file to exist: /tmp/workload.pid
Waiting for the file to exist: /tmp/workload.pid
Waiting for the file to exist: /tmp/workload.pid
Waiting for the file to exist: /tmp/workload.pid
Waiting for the file to exist: /tmp/workload.pid
Waiting for the file to exist: /tmp/workload.pid
Waiting for the file to exist: /tmp/workload.pid
Waiting for the file to exist: /tmp/workload.pid
Waiting for the file to exist: /tmp/workload.pid
Waiting for the file to exist: /tmp/workload.pid
Waiting for the file to exist: /tmp/workload.pid
Waiting for the file to exist: /tmp/workload.pid
Waiting for the file to exist: /tmp/workload.pid
Waiting for the file to exist: /tmp/workload.pid
Waiting for the file to exist: /tmp/workload.pid
Waiting for the file to exist: /tmp/workload.pid
Waiting for the file to exist: /tmp/workload.pid
Waiting for the file to exist: /tmp/workload.pid
Waiting for the file to exist: /tmp/workload.pid
Waiting for the file to exist: /tmp/workload.pid
Waiting for the file to exist: /tmp/workload.pid
Waiting for the file to exist: /tmp/workload.pid
Waiting for the file to exist: /tmp/workload.pid
Waiting for the file to exist: /tmp/workload.pid
Waiting for the file to exist: /tmp/workload.pid
Waiting for the file to exist: /tmp/workload.pid
Waiting for the file to exist: /tmp/workload.pid
Waiting for the file to exist: /tmp/workload.pid
Waiting for the file to exist: /tmp/workload.pid
Waiting for the file to exist: /tmp/workload.pid
Waiting for the file to exist: /tmp/workload.pid
Waiting for the file to exist: /tmp/workload.pid
Waiting for the file to exist: /tmp/workload.pid
Waiting for the file to exist: /tmp/workload.pid
Waiting for the file to exist: /tmp/workload.pid
Waiting for the file to exist: /tmp/workload.pid
Waiting for the file to exist: /tmp/workload.pid
Waiting for the file to exist: /tmp/workload.pid
Waiting for the file to exist: /tmp/workload.pid
Obtained workload pid 22150
cpid=22147
gpid=22150

root 22147 2960 0 01:19 pts/0 00:00:00 /usr/bin/time -f \n\n\nReal: %e %E\nUser: %U\nSys: %S\nCmdline: %C\nAvg-total-Mem-kb: %K\nMax-RSS-kb: %M\nSys-pgsize-kb: %Z\nNr-voluntary-context-switches: %w\nCmd-exit-status: %x --append -o /home/cspl/pond/vtess_code/gapbs/rst//cc-urand/L0-1.time bash cc-urand-r.sh root 22148 22147 0 01:19 pts/0 00:00:00 bash cc-urand-r.sh

root 22150 22149 99 01:19 pts/0 00:00:05 /home/cspl/gapbs/cc -f /home/cspl/gapbs/benchmark/graphs/urand.sg -n16
Stopping Tintin
End: Thu Apr 10 01:22:54 CDT 2025




