        ===> MemEater reserving [0] MB on Node 0...
numactl --cpunodebind 0 --membind 1 -- bash cmd.sh
Start: Wed Apr  9 21:19:50 CDT 2025
Waiting for the file to exist: /tmp/workload.pid
Waiting for the file to exist: /tmp/workload.pid
Waiting for the file to exist: /tmp/workload.pid
Waiting for the file to exist: /tmp/workload.pid
Waiting for the file to exist: /tmp/workload.pid
Waiting for the file to exist: /tmp/workload.pid
Waiting for the file to exist: /tmp/workload.pid
Waiting for the file to exist: /tmp/workload.pid
Waiting for the file to exist: /tmp/workload.pid
Waiting for the file to exist: /tmp/workload.pid
Waiting for the file to exist: /tmp/workload.pid
Waiting for the file to exist: /tmp/workload.pid
Waiting for the file to exist: /tmp/workload.pid
Waiting for the file to exist: /tmp/workload.pid
Waiting for the file to exist: /tmp/workload.pid
Waiting for the file to exist: /tmp/workload.pid
Waiting for the file to exist: /tmp/workload.pid
Waiting for the file to exist: /tmp/workload.pid
Waiting for the file to exist: /tmp/workload.pid
Waiting for the file to exist: /tmp/workload.pid
Waiting for the file to exist: /tmp/workload.pid
Waiting for the file to exist: /tmp/workload.pid
Waiting for the file to exist: /tmp/workload.pid
Waiting for the file to exist: /tmp/workload.pid
Waiting for the file to exist: /tmp/workload.pid
Waiting for the file to exist: /tmp/workload.pid
Waiting for the file to exist: /tmp/workload.pid
Waiting for the file to exist: /tmp/workload.pid
Waiting for the file to exist: /tmp/workload.pid
Waiting for the file to exist: /tmp/workload.pid
Waiting for the file to exist: /tmp/workload.pid
Waiting for the file to exist: /tmp/workload.pid
Waiting for the file to exist: /tmp/workload.pid
Waiting for the file to exist: /tmp/workload.pid
Waiting for the file to exist: /tmp/workload.pid
Waiting for the file to exist: /tmp/workload.pid
Waiting for the file to exist: /tmp/workload.pid
Waiting for the file to exist: /tmp/workload.pid
Waiting for the file to exist: /tmp/workload.pid
Waiting for the file to exist: /tmp/workload.pid
Waiting for the file to exist: /tmp/workload.pid
Waiting for the file to exist: /tmp/workload.pid
Waiting for the file to exist: /tmp/workload.pid
Waiting for the file to exist: /tmp/workload.pid
Waiting for the file to exist: /tmp/workload.pid
Waiting for the file to exist: /tmp/workload.pid
Waiting for the file to exist: /tmp/workload.pid
Waiting for the file to exist: /tmp/workload.pid
Waiting for the file to exist: /tmp/workload.pid
Waiting for the file to exist: /tmp/workload.pid
Waiting for the file to exist: /tmp/workload.pid
Waiting for the file to exist: /tmp/workload.pid
Waiting for the file to exist: /tmp/workload.pid
Waiting for the file to exist: /tmp/workload.pid
Waiting for the file to exist: /tmp/workload.pid
Waiting for the file to exist: /tmp/workload.pid
Waiting for the file to exist: /tmp/workload.pid
Waiting for the file to exist: /tmp/workload.pid
Waiting for the file to exist: /tmp/workload.pid
Waiting for the file to exist: /tmp/workload.pid
Waiting for the file to exist: /tmp/workload.pid
Waiting for the file to exist: /tmp/workload.pid
Waiting for the file to exist: /tmp/workload.pid
Waiting for the file to exist: /tmp/workload.pid
Waiting for the file to exist: /tmp/workload.pid
Waiting for the file to exist: /tmp/workload.pid
Waiting for the file to exist: /tmp/workload.pid
Waiting for the file to exist: /tmp/workload.pid
Waiting for the file to exist: /tmp/workload.pid
Waiting for the file to exist: /tmp/workload.pid
Waiting for the file to exist: /tmp/workload.pid
Waiting for the file to exist: /tmp/workload.pid
Waiting for the file to exist: /tmp/workload.pid
Waiting for the file to exist: /tmp/workload.pid
Waiting for the file to exist: /tmp/workload.pid
Waiting for the file to exist: /tmp/workload.pid
Waiting for the file to exist: /tmp/workload.pid
Waiting for the file to exist: /tmp/workload.pid
Waiting for the file to exist: /tmp/workload.pid
Waiting for the file to exist: /tmp/workload.pid
Waiting for the file to exist: /tmp/workload.pid
Waiting for the file to exist: /tmp/workload.pid
Waiting for the file to exist: /tmp/workload.pid
Waiting for the file to exist: /tmp/workload.pid
Waiting for the file to exist: /tmp/workload.pid
Waiting for the file to exist: /tmp/workload.pid
Waiting for the file to exist: /tmp/workload.pid
Waiting for the file to exist: /tmp/workload.pid
Waiting for the file to exist: /tmp/workload.pid
Waiting for the file to exist: /tmp/workload.pid
Waiting for the file to exist: /tmp/workload.pid
Waiting for the file to exist: /tmp/workload.pid
Waiting for the file to exist: /tmp/workload.pid
Waiting for the file to exist: /tmp/workload.pid
Waiting for the file to exist: /tmp/workload.pid
Waiting for the file to exist: /tmp/workload.pid
Waiting for the file to exist: /tmp/workload.pid
Waiting for the file to exist: /tmp/workload.pid
Waiting for the file to exist: /tmp/workload.pid
Waiting for the file to exist: /tmp/workload.pid
Waiting for the file to exist: /tmp/workload.pid
Waiting for the file to exist: /tmp/workload.pid
Waiting for the file to exist: /tmp/workload.pid
Waiting for the file to exist: /tmp/workload.pid
Waiting for the file to exist: /tmp/workload.pid
Waiting for the file to exist: /tmp/workload.pid
Waiting for the file to exist: /tmp/workload.pid
Waiting for the file to exist: /tmp/workload.pid
Waiting for the file to exist: /tmp/workload.pid
Waiting for the file to exist: /tmp/workload.pid
Waiting for the file to exist: /tmp/workload.pid
Waiting for the file to exist: /tmp/workload.pid
Waiting for the file to exist: /tmp/workload.pid
Waiting for the file to exist: /tmp/workload.pid
Waiting for the file to exist: /tmp/workload.pid
Waiting for the file to exist: /tmp/workload.pid
Waiting for the file to exist: /tmp/workload.pid
Waiting for the file to exist: /tmp/workload.pid
Waiting for the file to exist: /tmp/workload.pid
Waiting for the file to exist: /tmp/workload.pid
Waiting for the file to exist: /tmp/workload.pid
Waiting for the file to exist: /tmp/workload.pid
Waiting for the file to exist: /tmp/workload.pid
Waiting for the file to exist: /tmp/workload.pid
Waiting for the file to exist: /tmp/workload.pid
Waiting for the file to exist: /tmp/workload.pid
Waiting for the file to exist: /tmp/workload.pid
Waiting for the file to exist: /tmp/workload.pid
Waiting for the file to exist: /tmp/workload.pid
Waiting for the file to exist: /tmp/workload.pid
Waiting for the file to exist: /tmp/workload.pid
Waiting for the file to exist: /tmp/workload.pid
Waiting for the file to exist: /tmp/workload.pid
Waiting for the file to exist: /tmp/workload.pid
Waiting for the file to exist: /tmp/workload.pid
Waiting for the file to exist: /tmp/workload.pid
Waiting for the file to exist: /tmp/workload.pid
Waiting for the file to exist: /tmp/workload.pid
Waiting for the file to exist: /tmp/workload.pid
Waiting for the file to exist: /tmp/workload.pid
Waiting for the file to exist: /tmp/workload.pid
Waiting for the file to exist: /tmp/workload.pid
Waiting for the file to exist: /tmp/workload.pid
Waiting for the file to exist: /tmp/workload.pid
Waiting for the file to exist: /tmp/workload.pid
Waiting for the file to exist: /tmp/workload.pid
Waiting for the file to exist: /tmp/workload.pid
Waiting for the file to exist: /tmp/workload.pid
Waiting for the file to exist: /tmp/workload.pid
Waiting for the file to exist: /tmp/workload.pid
Waiting for the file to exist: /tmp/workload.pid
Waiting for the file to exist: /tmp/workload.pid
Waiting for the file to exist: /tmp/workload.pid
Waiting for the file to exist: /tmp/workload.pid
Waiting for the file to exist: /tmp/workload.pid
Waiting for the file to exist: /tmp/workload.pid
Waiting for the file to exist: /tmp/workload.pid
Waiting for the file to exist: /tmp/workload.pid
Waiting for the file to exist: /tmp/workload.pid
Waiting for the file to exist: /tmp/workload.pid
Waiting for the file to exist: /tmp/workload.pid
Waiting for the file to exist: /tmp/workload.pid
Waiting for the file to exist: /tmp/workload.pid
Waiting for the file to exist: /tmp/workload.pid
Waiting for the file to exist: /tmp/workload.pid
Waiting for the file to exist: /tmp/workload.pid
Waiting for the file to exist: /tmp/workload.pid
Waiting for the file to exist: /tmp/workload.pid
Waiting for the file to exist: /tmp/workload.pid
Waiting for the file to exist: /tmp/workload.pid
Waiting for the file to exist: /tmp/workload.pid
Waiting for the file to exist: /tmp/workload.pid
Waiting for the file to exist: /tmp/workload.pid
Waiting for the file to exist: /tmp/workload.pid
Waiting for the file to exist: /tmp/workload.pid
Waiting for the file to exist: /tmp/workload.pid
Waiting for the file to exist: /tmp/workload.pid
Waiting for the file to exist: /tmp/workload.pid
Waiting for the file to exist: /tmp/workload.pid
Waiting for the file to exist: /tmp/workload.pid
Waiting for the file to exist: /tmp/workload.pid
Waiting for the file to exist: /tmp/workload.pid
Waiting for the file to exist: /tmp/workload.pid
Waiting for the file to exist: /tmp/workload.pid
Waiting for the file to exist: /tmp/workload.pid
Waiting for the file to exist: /tmp/workload.pid
Waiting for the file to exist: /tmp/workload.pid
Waiting for the file to exist: /tmp/workload.pid
Waiting for the file to exist: /tmp/workload.pid
Waiting for the file to exist: /tmp/workload.pid
Waiting for the file to exist: /tmp/workload.pid
Waiting for the file to exist: /tmp/workload.pid
Waiting for the file to exist: /tmp/workload.pid
Waiting for the file to exist: /tmp/workload.pid
Waiting for the file to exist: /tmp/workload.pid
Waiting for the file to exist: /tmp/workload.pid
Waiting for the file to exist: /tmp/workload.pid
Waiting for the file to exist: /tmp/workload.pid
Waiting for the file to exist: /tmp/workload.pid
Waiting for the file to exist: /tmp/workload.pid
Waiting for the file to exist: /tmp/workload.pid
Waiting for the file to exist: /tmp/workload.pid
Waiting for the file to exist: /tmp/workload.pid
Waiting for the file to exist: /tmp/workload.pid
Waiting for the file to exist: /tmp/workload.pid
Waiting for the file to exist: /tmp/workload.pid
Waiting for the file to exist: /tmp/workload.pid
Waiting for the file to exist: /tmp/workload.pid
Waiting for the file to exist: /tmp/workload.pid
Waiting for the file to exist: /tmp/workload.pid
Waiting for the file to exist: /tmp/workload.pid
Waiting for the file to exist: /tmp/workload.pid
Waiting for the file to exist: /tmp/workload.pid
Waiting for the file to exist: /tmp/workload.pid
Waiting for the file to exist: /tmp/workload.pid
Waiting for the file to exist: /tmp/workload.pid
Waiting for the file to exist: /tmp/workload.pid
Waiting for the file to exist: /tmp/workload.pid
Waiting for the file to exist: /tmp/workload.pid
Waiting for the file to exist: /tmp/workload.pid
Waiting for the file to exist: /tmp/workload.pid
Waiting for the file to exist: /tmp/workload.pid
Waiting for the file to exist: /tmp/workload.pid
Waiting for the file to exist: /tmp/workload.pid
Waiting for the file to exist: /tmp/workload.pid
Waiting for the file to exist: /tmp/workload.pid
Waiting for the file to exist: /tmp/workload.pid
Waiting for the file to exist: /tmp/workload.pid
Waiting for the file to exist: /tmp/workload.pid
Waiting for the file to exist: /tmp/workload.pid
Waiting for the file to exist: /tmp/workload.pid
Waiting for the file to exist: /tmp/workload.pid
Waiting for the file to exist: /tmp/workload.pid
Waiting for the file to exist: /tmp/workload.pid
Waiting for the file to exist: /tmp/workload.pid
Waiting for the file to exist: /tmp/workload.pid
Waiting for the file to exist: /tmp/workload.pid
Waiting for the file to exist: /tmp/workload.pid
Waiting for the file to exist: /tmp/workload.pid
Waiting for the file to exist: /tmp/workload.pid
Waiting for the file to exist: /tmp/workload.pid
Waiting for the file to exist: /tmp/workload.pid
Waiting for the file to exist: /tmp/workload.pid
Waiting for the file to exist: /tmp/workload.pid
Waiting for the file to exist: /tmp/workload.pid
Waiting for the file to exist: /tmp/workload.pid
Waiting for the file to exist: /tmp/workload.pid
Waiting for the file to exist: /tmp/workload.pid
Waiting for the file to exist: /tmp/workload.pid
Waiting for the file to exist: /tmp/workload.pid
Waiting for the file to exist: /tmp/workload.pid
Waiting for the file to exist: /tmp/workload.pid
Waiting for the file to exist: /tmp/workload.pid
Waiting for the file to exist: /tmp/workload.pid
Waiting for the file to exist: /tmp/workload.pid
Waiting for the file to exist: /tmp/workload.pid
Waiting for the file to exist: /tmp/workload.pid
Waiting for the file to exist: /tmp/workload.pid
Waiting for the file to exist: /tmp/workload.pid
Waiting for the file to exist: /tmp/workload.pid
Waiting for the file to exist: /tmp/workload.pid
Waiting for the file to exist: /tmp/workload.pid
Waiting for the file to exist: /tmp/workload.pid
Waiting for the file to exist: /tmp/workload.pid
Waiting for the file to exist: /tmp/workload.pid
Waiting for the file to exist: /tmp/workload.pid
Waiting for the file to exist: /tmp/workload.pid
Waiting for the file to exist: /tmp/workload.pid
Waiting for the file to exist: /tmp/workload.pid
Waiting for the file to exist: /tmp/workload.pid
Waiting for the file to exist: /tmp/workload.pid
Waiting for the file to exist: /tmp/workload.pid
Waiting for the file to exist: /tmp/workload.pid
Waiting for the file to exist: /tmp/workload.pid
Waiting for the file to exist: /tmp/workload.pid
Waiting for the file to exist: /tmp/workload.pid
Waiting for the file to exist: /tmp/workload.pid
Waiting for the file to exist: /tmp/workload.pid
Waiting for the file to exist: /tmp/workload.pid
Waiting for the file to exist: /tmp/workload.pid
Waiting for the file to exist: /tmp/workload.pid
Waiting for the file to exist: /tmp/workload.pid
Waiting for the file to exist: /tmp/workload.pid
Waiting for the file to exist: /tmp/workload.pid
Obtained workload pid 6394
cpid=6391
gpid=6394

root 6391 53376 0 21:19 pts/0 00:00:00 /usr/bin/time -f \n\n\nReal: %e %E\nUser: %U\nSys: %S\nCmdline: %C\nAvg-total-Mem-kb: %K\nMax-RSS-kb: %M\nSys-pgsize-kb: %Z\nNr-voluntary-context-switches: %w\nCmd-exit-status: %x --append -o /home/cspl/pond/vtess_code/gapbs/rst//bfs-road/L0-1.time bash bfs-road-r.sh root 6392 6391 0 21:19 pts/0 00:00:00 bash bfs-road-r.sh

root 6394 6393 99 21:19 pts/0 00:00:36 /home/cspl/gapbs/bfs -f /home/cspl/gapbs/benchmark/graphs/road.sg -n256
Stopping Tintin
End: Wed Apr  9 21:21:41 CDT 2025




