===> MemEater reserving [0] MB on Node 0...
numactl --cpunodebind 0 --membind 1 -- bash cmd.sh
Start: Sun Dec  3 16:57:58 CST 2023
Waiting for the file to exist: /tmp/workload.pid
Obtained workload pid 59813
===> MemEater reserving [0] MB on Node 0...
numactl --cpunodebind 0 --membind 1 -- bash cmd.sh
Start: Sun Dec  3 18:11:13 CST 2023
Waiting for the file to exist: /tmp/workload.pid
Obtained workload pid 14446
===> MemEater reserving [0] MB on Node 0...
numactl --cpunodebind 0 --membind 1 -- bash cmd.sh
Start: Sun Dec  3 19:56:40 CST 2023
Waiting for the file to exist: /tmp/workload.pid
Obtained workload pid 18600
Stopping Tintin
End: Sun Dec  3 20:11:08 CST 2023




numactl --cpunodebind 0 --membind 1 -- bash cmd.sh

#!/bin/bash
ulimit -s unlimited
export OMP_NUM_THREADS=1
export OMP_STACKSIZE=122880
taskset 1 ./leela_r_base.lienz-perf-m64 ref.sgf > ref.out 2>> ref.err &
workload_pid=$!
echo "$workload_pid" > /tmp/workload.pid
wait $workload_pid 2>/dev/null
