        ===> MemEater reserving [0] MB on Node 0...
numactl --cpunodebind 0 --membind 1 -- bash cmd.sh
Start: Wed Apr  9 16:46:10 CDT 2025
Waiting for the file to exist: /tmp/workload.pid
Waiting for the file to exist: /tmp/workload.pid
Waiting for the file to exist: /tmp/workload.pid
Waiting for the file to exist: /tmp/workload.pid
Waiting for the file to exist: /tmp/workload.pid
Waiting for the file to exist: /tmp/workload.pid
Waiting for the file to exist: /tmp/workload.pid
Waiting for the file to exist: /tmp/workload.pid
Waiting for the file to exist: /tmp/workload.pid
Waiting for the file to exist: /tmp/workload.pid
Waiting for the file to exist: /tmp/workload.pid
Waiting for the file to exist: /tmp/workload.pid
Waiting for the file to exist: /tmp/workload.pid
Waiting for the file to exist: /tmp/workload.pid
Waiting for the file to exist: /tmp/workload.pid
Waiting for the file to exist: /tmp/workload.pid
Waiting for the file to exist: /tmp/workload.pid
Waiting for the file to exist: /tmp/workload.pid
Waiting for the file to exist: /tmp/workload.pid
Waiting for the file to exist: /tmp/workload.pid
Waiting for the file to exist: /tmp/workload.pid
Waiting for the file to exist: /tmp/workload.pid
Waiting for the file to exist: /tmp/workload.pid
Waiting for the file to exist: /tmp/workload.pid
Waiting for the file to exist: /tmp/workload.pid
Waiting for the file to exist: /tmp/workload.pid
Waiting for the file to exist: /tmp/workload.pid
Waiting for the file to exist: /tmp/workload.pid
Waiting for the file to exist: /tmp/workload.pid
Waiting for the file to exist: /tmp/workload.pid
Waiting for the file to exist: /tmp/workload.pid
Waiting for the file to exist: /tmp/workload.pid
Waiting for the file to exist: /tmp/workload.pid
Waiting for the file to exist: /tmp/workload.pid
Waiting for the file to exist: /tmp/workload.pid
Waiting for the file to exist: /tmp/workload.pid
Waiting for the file to exist: /tmp/workload.pid
Waiting for the file to exist: /tmp/workload.pid
Waiting for the file to exist: /tmp/workload.pid
Waiting for the file to exist: /tmp/workload.pid
Waiting for the file to exist: /tmp/workload.pid
Waiting for the file to exist: /tmp/workload.pid
Waiting for the file to exist: /tmp/workload.pid
Waiting for the file to exist: /tmp/workload.pid
Waiting for the file to exist: /tmp/workload.pid
Waiting for the file to exist: /tmp/workload.pid
Waiting for the file to exist: /tmp/workload.pid
Waiting for the file to exist: /tmp/workload.pid
Waiting for the file to exist: /tmp/workload.pid
Waiting for the file to exist: /tmp/workload.pid
Waiting for the file to exist: /tmp/workload.pid
Waiting for the file to exist: /tmp/workload.pid
Waiting for the file to exist: /tmp/workload.pid
Waiting for the file to exist: /tmp/workload.pid
Waiting for the file to exist: /tmp/workload.pid
Waiting for the file to exist: /tmp/workload.pid
Waiting for the file to exist: /tmp/workload.pid
Waiting for the file to exist: /tmp/workload.pid
Waiting for the file to exist: /tmp/workload.pid
Waiting for the file to exist: /tmp/workload.pid
Waiting for the file to exist: /tmp/workload.pid
Waiting for the file to exist: /tmp/workload.pid
Waiting for the file to exist: /tmp/workload.pid
Waiting for the file to exist: /tmp/workload.pid
Waiting for the file to exist: /tmp/workload.pid
Waiting for the file to exist: /tmp/workload.pid
Waiting for the file to exist: /tmp/workload.pid
Waiting for the file to exist: /tmp/workload.pid
Waiting for the file to exist: /tmp/workload.pid
Waiting for the file to exist: /tmp/workload.pid
Waiting for the file to exist: /tmp/workload.pid
Waiting for the file to exist: /tmp/workload.pid
Waiting for the file to exist: /tmp/workload.pid
Waiting for the file to exist: /tmp/workload.pid
Waiting for the file to exist: /tmp/workload.pid
Waiting for the file to exist: /tmp/workload.pid
Waiting for the file to exist: /tmp/workload.pid
Waiting for the file to exist: /tmp/workload.pid
Waiting for the file to exist: /tmp/workload.pid
Waiting for the file to exist: /tmp/workload.pid
Waiting for the file to exist: /tmp/workload.pid
Waiting for the file to exist: /tmp/workload.pid
Waiting for the file to exist: /tmp/workload.pid
Waiting for the file to exist: /tmp/workload.pid
Waiting for the file to exist: /tmp/workload.pid
Waiting for the file to exist: /tmp/workload.pid
Waiting for the file to exist: /tmp/workload.pid
Waiting for the file to exist: /tmp/workload.pid
Waiting for the file to exist: /tmp/workload.pid
Waiting for the file to exist: /tmp/workload.pid
Waiting for the file to exist: /tmp/workload.pid
Waiting for the file to exist: /tmp/workload.pid
Waiting for the file to exist: /tmp/workload.pid
Waiting for the file to exist: /tmp/workload.pid
Waiting for the file to exist: /tmp/workload.pid
Waiting for the file to exist: /tmp/workload.pid
Waiting for the file to exist: /tmp/workload.pid
Waiting for the file to exist: /tmp/workload.pid
Waiting for the file to exist: /tmp/workload.pid
Waiting for the file to exist: /tmp/workload.pid
Waiting for the file to exist: /tmp/workload.pid
Waiting for the file to exist: /tmp/workload.pid
Waiting for the file to exist: /tmp/workload.pid
Waiting for the file to exist: /tmp/workload.pid
Waiting for the file to exist: /tmp/workload.pid
Waiting for the file to exist: /tmp/workload.pid
Waiting for the file to exist: /tmp/workload.pid
Waiting for the file to exist: /tmp/workload.pid
Waiting for the file to exist: /tmp/workload.pid
Waiting for the file to exist: /tmp/workload.pid
Waiting for the file to exist: /tmp/workload.pid
Waiting for the file to exist: /tmp/workload.pid
Waiting for the file to exist: /tmp/workload.pid
Waiting for the file to exist: /tmp/workload.pid
Waiting for the file to exist: /tmp/workload.pid
Waiting for the file to exist: /tmp/workload.pid
Waiting for the file to exist: /tmp/workload.pid
Waiting for the file to exist: /tmp/workload.pid
Waiting for the file to exist: /tmp/workload.pid
Waiting for the file to exist: /tmp/workload.pid
Waiting for the file to exist: /tmp/workload.pid
Waiting for the file to exist: /tmp/workload.pid
Waiting for the file to exist: /tmp/workload.pid
Waiting for the file to exist: /tmp/workload.pid
Waiting for the file to exist: /tmp/workload.pid
Waiting for the file to exist: /tmp/workload.pid
Waiting for the file to exist: /tmp/workload.pid
Waiting for the file to exist: /tmp/workload.pid
Waiting for the file to exist: /tmp/workload.pid
Waiting for the file to exist: /tmp/workload.pid
Waiting for the file to exist: /tmp/workload.pid
Waiting for the file to exist: /tmp/workload.pid
Waiting for the file to exist: /tmp/workload.pid
Waiting for the file to exist: /tmp/workload.pid
Waiting for the file to exist: /tmp/workload.pid
Waiting for the file to exist: /tmp/workload.pid
Waiting for the file to exist: /tmp/workload.pid
Waiting for the file to exist: /tmp/workload.pid
Waiting for the file to exist: /tmp/workload.pid
Waiting for the file to exist: /tmp/workload.pid
Waiting for the file to exist: /tmp/workload.pid
Waiting for the file to exist: /tmp/workload.pid
Waiting for the file to exist: /tmp/workload.pid
Waiting for the file to exist: /tmp/workload.pid
Waiting for the file to exist: /tmp/workload.pid
Waiting for the file to exist: /tmp/workload.pid
Waiting for the file to exist: /tmp/workload.pid
Waiting for the file to exist: /tmp/workload.pid
Waiting for the file to exist: /tmp/workload.pid
Waiting for the file to exist: /tmp/workload.pid
Waiting for the file to exist: /tmp/workload.pid
Waiting for the file to exist: /tmp/workload.pid
Waiting for the file to exist: /tmp/workload.pid
Waiting for the file to exist: /tmp/workload.pid
Waiting for the file to exist: /tmp/workload.pid
Waiting for the file to exist: /tmp/workload.pid
Waiting for the file to exist: /tmp/workload.pid
Waiting for the file to exist: /tmp/workload.pid
Waiting for the file to exist: /tmp/workload.pid
Waiting for the file to exist: /tmp/workload.pid
Waiting for the file to exist: /tmp/workload.pid
Waiting for the file to exist: /tmp/workload.pid
Waiting for the file to exist: /tmp/workload.pid
Waiting for the file to exist: /tmp/workload.pid
Waiting for the file to exist: /tmp/workload.pid
Waiting for the file to exist: /tmp/workload.pid
Waiting for the file to exist: /tmp/workload.pid
Waiting for the file to exist: /tmp/workload.pid
Waiting for the file to exist: /tmp/workload.pid
Waiting for the file to exist: /tmp/workload.pid
Waiting for the file to exist: /tmp/workload.pid
Waiting for the file to exist: /tmp/workload.pid
Waiting for the file to exist: /tmp/workload.pid
Waiting for the file to exist: /tmp/workload.pid
Waiting for the file to exist: /tmp/workload.pid
Waiting for the file to exist: /tmp/workload.pid
Waiting for the file to exist: /tmp/workload.pid
Waiting for the file to exist: /tmp/workload.pid
Waiting for the file to exist: /tmp/workload.pid
Waiting for the file to exist: /tmp/workload.pid
Waiting for the file to exist: /tmp/workload.pid
Waiting for the file to exist: /tmp/workload.pid
Waiting for the file to exist: /tmp/workload.pid
Waiting for the file to exist: /tmp/workload.pid
Waiting for the file to exist: /tmp/workload.pid
Waiting for the file to exist: /tmp/workload.pid
Waiting for the file to exist: /tmp/workload.pid
Waiting for the file to exist: /tmp/workload.pid
Waiting for the file to exist: /tmp/workload.pid
Waiting for the file to exist: /tmp/workload.pid
Waiting for the file to exist: /tmp/workload.pid
Waiting for the file to exist: /tmp/workload.pid
Waiting for the file to exist: /tmp/workload.pid
Waiting for the file to exist: /tmp/workload.pid
Waiting for the file to exist: /tmp/workload.pid
Waiting for the file to exist: /tmp/workload.pid
Waiting for the file to exist: /tmp/workload.pid
Waiting for the file to exist: /tmp/workload.pid
Waiting for the file to exist: /tmp/workload.pid
Waiting for the file to exist: /tmp/workload.pid
Waiting for the file to exist: /tmp/workload.pid
Waiting for the file to exist: /tmp/workload.pid
Waiting for the file to exist: /tmp/workload.pid
Waiting for the file to exist: /tmp/workload.pid
Waiting for the file to exist: /tmp/workload.pid
Waiting for the file to exist: /tmp/workload.pid
Waiting for the file to exist: /tmp/workload.pid
Waiting for the file to exist: /tmp/workload.pid
Waiting for the file to exist: /tmp/workload.pid
Waiting for the file to exist: /tmp/workload.pid
Waiting for the file to exist: /tmp/workload.pid
Waiting for the file to exist: /tmp/workload.pid
Waiting for the file to exist: /tmp/workload.pid
Waiting for the file to exist: /tmp/workload.pid
Waiting for the file to exist: /tmp/workload.pid
Waiting for the file to exist: /tmp/workload.pid
Waiting for the file to exist: /tmp/workload.pid
Waiting for the file to exist: /tmp/workload.pid
Waiting for the file to exist: /tmp/workload.pid
Waiting for the file to exist: /tmp/workload.pid
Waiting for the file to exist: /tmp/workload.pid
Waiting for the file to exist: /tmp/workload.pid
Waiting for the file to exist: /tmp/workload.pid
Waiting for the file to exist: /tmp/workload.pid
Waiting for the file to exist: /tmp/workload.pid
Waiting for the file to exist: /tmp/workload.pid
Waiting for the file to exist: /tmp/workload.pid
Waiting for the file to exist: /tmp/workload.pid
Waiting for the file to exist: /tmp/workload.pid
Waiting for the file to exist: /tmp/workload.pid
Waiting for the file to exist: /tmp/workload.pid
Waiting for the file to exist: /tmp/workload.pid
Waiting for the file to exist: /tmp/workload.pid
Waiting for the file to exist: /tmp/workload.pid
Waiting for the file to exist: /tmp/workload.pid
Waiting for the file to exist: /tmp/workload.pid
Waiting for the file to exist: /tmp/workload.pid
Waiting for the file to exist: /tmp/workload.pid
Waiting for the file to exist: /tmp/workload.pid
Waiting for the file to exist: /tmp/workload.pid
Waiting for the file to exist: /tmp/workload.pid
Waiting for the file to exist: /tmp/workload.pid
Waiting for the file to exist: /tmp/workload.pid
Waiting for the file to exist: /tmp/workload.pid
Waiting for the file to exist: /tmp/workload.pid
Waiting for the file to exist: /tmp/workload.pid
Waiting for the file to exist: /tmp/workload.pid
Waiting for the file to exist: /tmp/workload.pid
Waiting for the file to exist: /tmp/workload.pid
Waiting for the file to exist: /tmp/workload.pid
Waiting for the file to exist: /tmp/workload.pid
Waiting for the file to exist: /tmp/workload.pid
Waiting for the file to exist: /tmp/workload.pid
Waiting for the file to exist: /tmp/workload.pid
Waiting for the file to exist: /tmp/workload.pid
Waiting for the file to exist: /tmp/workload.pid
Waiting for the file to exist: /tmp/workload.pid
Waiting for the file to exist: /tmp/workload.pid
Waiting for the file to exist: /tmp/workload.pid
Waiting for the file to exist: /tmp/workload.pid
Waiting for the file to exist: /tmp/workload.pid
Waiting for the file to exist: /tmp/workload.pid
Waiting for the file to exist: /tmp/workload.pid
Waiting for the file to exist: /tmp/workload.pid
Waiting for the file to exist: /tmp/workload.pid
Waiting for the file to exist: /tmp/workload.pid
Waiting for the file to exist: /tmp/workload.pid
Waiting for the file to exist: /tmp/workload.pid
Waiting for the file to exist: /tmp/workload.pid
Waiting for the file to exist: /tmp/workload.pid
Waiting for the file to exist: /tmp/workload.pid
Waiting for the file to exist: /tmp/workload.pid
Waiting for the file to exist: /tmp/workload.pid
Waiting for the file to exist: /tmp/workload.pid
Waiting for the file to exist: /tmp/workload.pid
Waiting for the file to exist: /tmp/workload.pid
Waiting for the file to exist: /tmp/workload.pid
Waiting for the file to exist: /tmp/workload.pid
Waiting for the file to exist: /tmp/workload.pid
Waiting for the file to exist: /tmp/workload.pid
Waiting for the file to exist: /tmp/workload.pid
Waiting for the file to exist: /tmp/workload.pid
Waiting for the file to exist: /tmp/workload.pid
Waiting for the file to exist: /tmp/workload.pid
Waiting for the file to exist: /tmp/workload.pid
Waiting for the file to exist: /tmp/workload.pid
Waiting for the file to exist: /tmp/workload.pid
Waiting for the file to exist: /tmp/workload.pid
Waiting for the file to exist: /tmp/workload.pid
Waiting for the file to exist: /tmp/workload.pid
Waiting for the file to exist: /tmp/workload.pid
Waiting for the file to exist: /tmp/workload.pid
Waiting for the file to exist: /tmp/workload.pid
Waiting for the file to exist: /tmp/workload.pid
Waiting for the file to exist: /tmp/workload.pid
Waiting for the file to exist: /tmp/workload.pid
Waiting for the file to exist: /tmp/workload.pid
Waiting for the file to exist: /tmp/workload.pid
Waiting for the file to exist: /tmp/workload.pid
Waiting for the file to exist: /tmp/workload.pid
Waiting for the file to exist: /tmp/workload.pid
Waiting for the file to exist: /tmp/workload.pid
Waiting for the file to exist: /tmp/workload.pid
Waiting for the file to exist: /tmp/workload.pid
Waiting for the file to exist: /tmp/workload.pid
Waiting for the file to exist: /tmp/workload.pid
Waiting for the file to exist: /tmp/workload.pid
Waiting for the file to exist: /tmp/workload.pid
Waiting for the file to exist: /tmp/workload.pid
Waiting for the file to exist: /tmp/workload.pid
Waiting for the file to exist: /tmp/workload.pid
Waiting for the file to exist: /tmp/workload.pid
Waiting for the file to exist: /tmp/workload.pid
Waiting for the file to exist: /tmp/workload.pid
Waiting for the file to exist: /tmp/workload.pid
Waiting for the file to exist: /tmp/workload.pid
Waiting for the file to exist: /tmp/workload.pid
Waiting for the file to exist: /tmp/workload.pid
Waiting for the file to exist: /tmp/workload.pid
Waiting for the file to exist: /tmp/workload.pid
Waiting for the file to exist: /tmp/workload.pid
Waiting for the file to exist: /tmp/workload.pid
Waiting for the file to exist: /tmp/workload.pid
Waiting for the file to exist: /tmp/workload.pid
Waiting for the file to exist: /tmp/workload.pid
Waiting for the file to exist: /tmp/workload.pid
Waiting for the file to exist: /tmp/workload.pid
Waiting for the file to exist: /tmp/workload.pid
Waiting for the file to exist: /tmp/workload.pid
Waiting for the file to exist: /tmp/workload.pid
Waiting for the file to exist: /tmp/workload.pid
Obtained workload pid 18740
cpid=18737
gpid=18740

root 18737 7967 0 16:46 pts/0 00:00:00 /usr/bin/time -f \n\n\nReal: %e %E\nUser: %U\nSys: %S\nCmdline: %C\nAvg-total-Mem-kb: %K\nMax-RSS-kb: %M\nSys-pgsize-kb: %Z\nNr-voluntary-context-switches: %w\nCmd-exit-status: %x --append -o /home/cspl/pond/vtess_code/gapbs/rst//bc-twitter/L0-1.time bash bc-twitter-r.sh root 18738 18737 0 16:46 pts/0 00:00:00 bash bc-twitter-r.sh

root 18740 18739 99 16:46 pts/0 00:00:05 /home/cspl/gapbs/bc -f /home/cspl/gapbs/benchmark/graphs/twitter.sg -i4 -n8
Stopping Tintin
End: Wed Apr  9 16:51:53 CDT 2025




